Global frequency set at 1000000000000 ticks per second
[Ramulator::DDR5-VRR] nVRR: 383
[Ramulator::DDR5-VRR] nRFM1: 471
[Ramulator::DDR5-VRR] nRFMsb: 416
gem5 Simulator System.  https://www.gem5.org
gem5 is copyrighted software; use the --copyright option for details.

gem5 version 24.0.0.0
gem5 compiled Apr  3 2026 05:38:53
gem5 started Apr  3 2026 05:40:33
gem5 executing on e7341cb6bf18, pid 135
command line: ./build/X86/gem5.opt ./configs/deprecated/example/se.py --num-cpu=2 --cpu-type=O3CPU --sys-clock=1GHz --cpu-clock=3GHz --mem-type=Ramulator2 --mem-size=8GB --caches --l2cache --num-l2caches=1 --l1d_size=32kB --l1i_size=32kB --l2_size=4MB --l1d_assoc=8 --l1i_assoc=8 --l2_assoc=16 --cacheline_size=64 --ramulator-config=/app/configs/rhsc/ramulator/rfm.yaml '--cmd=./attack-binaries/rfm_poc_sender;./attack-binaries/rfm_poc_receiver' '--options=20000 5 aa;20000 5 aa;'

info: Standard input is not a terminal, disabling listeners.
Namespace(abs_max_tick=18446744073709551615, arm_iset='arm', at_instruction=False, bench=None, bp_type=None, cacheline_size=64, caches=True, checker=False, checkpoint_at_end=False, checkpoint_dir=None, checkpoint_restore=None, chroot=None, cmd='./attack-binaries/rfm_poc_sender;./attack-binaries/rfm_poc_receiver', cpu_clock='3GHz', cpu_type='O3CPU', data_trace_file='', dist=False, dist_rank=0, dist_server_name='127.0.0.1', dist_server_port=2200, dist_size=0, dist_sync_on_pseudo_op=False, dist_sync_repeat='0us', dist_sync_start='5200000000000t', elastic_trace_en=False, enable_dram_powerdown=False, env='', errout='', ethernet_linkdelay='10us', ethernet_linkspeed='10Gbps', external_memory_system=None, fast_forward=None, indirect_bp_type=None, init_param=0, initialize_only=False, input='', inst_trace_file='', interp_dir=None, is_switch=False, l1d_assoc=8, l1d_hwp_type=None, l1d_size='32kB', l1i_assoc=8, l1i_hwp_type=None, l1i_size='32kB', l2_assoc=16, l2_hwp_type=None, l2_size='4MB', l2cache=True, l3_assoc=16, l3_size='16MB', l3cache=False, list_bp_types=None, list_cpu_types=None, list_hwp_types=None, list_indirect_bp_types=None, list_mem_types=None, list_rp_types=None, m5_outdir=None, max_checkpoints=5, maxinsts=None, maxtime=None, mem_channels=1, mem_channels_intlv=0, mem_ranks=None, mem_size='8GB', mem_type='Ramulator2', memchecker=False, num_cpus=2, num_dirs=1, num_l2caches=1, num_l3caches=1, num_work_ids=None, options='20000 5 aa;20000 5 aa;', output='', output_dir=None, override_vendor_string=None, param=[], prog_interval=None, ramulator_config='/app/configs/rhsc/ramulator/rfm.yaml', redirects=[], rel_max_tick=None, repeat_switch=None, restore_simpoint_checkpoint=False, restore_with_cpu='X86AtomicSimpleCPU', ruby=False, simpoint=False, simpoint_interval=10000000, simpoint_profile=False, smt=False, spec_input='ref', standard_switch=None, stats_root=[], sys_clock='1GHz', sys_voltage='1.0V', take_checkpoints=None, take_simpoint_checkpoints=None, tlm_memory=None, wait_gdb=False, warmup_insts=None, work_begin_checkpoint_count=None, work_begin_cpu_id_exit=None, work_begin_exit_count=None, work_cpus_checkpoint_count=None, work_end_checkpoint_count=None, work_end_exit_count=None, work_item_id=None)
Memory TYPE::  Ramulator2
Ramulator2 system configuration file = /app/configs/rhsc/ramulator/rfm.yaml
Ramulator2 mem_ctrl is connected 

m5out
**** REAL SIMULATION ****
[SEND] txn_period: 20000 msg_bytes: 5 data_pattern: -86
[RECV] Timeout: 19500
[SEND] Timeout: 19500
[SEND] Message: MICRO
[SEND] Binary: 0100110101001001010000110101001001001111
[SEND] End of first window: 240017
[RECV] End of first window: 240017
[RECV] Received: 0 (0 RFMs)
[RECV] Received: 1 (5 RFMs)
[RECV] Received: 0 (0 RFMs)
[RECV] Received: 0 (1 RFMs)
[RECV] Received: 1 (6 RFMs)
[RECV] Received: 1 (5 RFMs)
[RECV] Received: 0 (1 RFMs)
[RECV] Received: 1 (5 RFMs)
[RECV] Received: 0 (1 RFMs)
[RECV] Received: 1 (5 RFMs)
[RECV] Received: 0 (1 RFMs)
[RECV] Received: 0 (0 RFMs)
[RECV] Received: 1 (6 RFMs)
[RECV] Received: 0 (0 RFMs)
[RECV] Received: 0 (0 RFMs)
[RECV] Received: 1 (6 RFMs)
[RECV] Received: 0 (0 RFMs)
[RECV] Received: 1 (6 RFMs)
[RECV] Received: 0 (1 RFMs)
[RECV] Received: 0 (0 RFMs)
[RECV] Received: 0 (0 RFMs)
[RECV] Received: 0 (1 RFMs)
[RECV] Received: 1 (5 RFMs)
[RECV] Received: 1 (5 RFMs)
[RECV] Received: 0 (1 RFMs)
[RECV] Received: 1 (6 RFMs)
[RECV] Received: 0 (0 RFMs)
[RECV] Received: 1 (6 RFMs)
[RECV] Received: 0 (0 RFMs)
[RECV] Received: 0 (1 RFMs)
[RECV] Received: 1 (5 RFMs)
[RECV] Received: 0 (1 RFMs)
[RECV] Received: 0 (0 RFMs)
[RECV] Received: 1 (6 RFMs)
[RECV] Received: 0 (0 RFMs)
[RECV] Received: 0 (0 RFMs)
[RECV] Received: 1 (6 RFMs)
[RECV] Received: 1 (5 RFMs)
[RECV] Received: 1 (5 RFMs)
[RECV] Received: 1 (5 RFMs)
[SEND] MinSleepAssert: -126
[RECV] MinSleepAssert: -290
[RECV] Received in 819151 ns
[RECV] Binary: 0100110101001001010000110101001001001111
Frontend:
  impl: GEM5

MemorySystem:
  impl: BHDRAMSystem
  total_num_other_requests: 0
  total_num_write_requests: 0
  total_num_read_requests: 12990
  memory_system_cycles: 1677964

  DRAM:
    impl: DDR5-VRR
    total_vrr_cycles_rank1: 0
    total_rfm_cycles_rank1: 0
    total_vrr_cycles_rank0: 0
    total_rfm_cycles_rank0: 0
  AddrMapper:
    impl: RoBaRaCoCh_with_rit


  BHDRAMController:
    impl: BHDRAMController
    id: Channel 0
    controller_num_row_conflicts: 4340
    controller_num_row_misses: 5284
    controller_num_row_hits: 7706
    BHScheduler:
      impl: BHScheduler
    RefreshManager:
      impl: DelayedRefresh


    RowPolicy:
      impl: ClosedRowPolicy
      num_close_reqs: 298


    ControllerPlugin:
      impl: RFMManager
      rfm_counter: 113



Exiting @ tick 1048726890 because exiting with last active thread context
