Global frequency set at 1000000000000 ticks per second
[Ramulator::DDR5-VRR] <PRAC ENABLED> Timings are updated automatically. 
[Ramulator::DDR5-VRR] nVRR: 383
[Ramulator::DDR5-VRR] nRFM1: 560
[Ramulator::DDR5-VRR] nRFMsb: 480
gem5 Simulator System.  https://www.gem5.org
gem5 is copyrighted software; use the --copyright option for details.

gem5 version 24.0.0.0
gem5 compiled Apr  3 2026 05:38:53
gem5 started Apr  3 2026 05:40:11
gem5 executing on e7341cb6bf18, pid 20
command line: ./build/X86/gem5.opt ./configs/deprecated/example/se.py --num-cpu=1 --cpu-type=O3CPU --sys-clock=1GHz --cpu-clock=3GHz --mem-type=Ramulator2 --mem-size=8GB --caches --l2cache --num-l2caches=1 --l1d_size=32kB --l1i_size=32kB --l2_size=4MB --l1d_assoc=8 --l1i_assoc=8 --l2_assoc=16 --cacheline_size=64 --ramulator-config=/app/configs/rhsc/ramulator/prac.yaml '--cmd=./attack-binaries/mr_latency;' '--options=1600 2;'

info: Standard input is not a terminal, disabling listeners.
Namespace(abs_max_tick=18446744073709551615, arm_iset='arm', at_instruction=False, bench=None, bp_type=None, cacheline_size=64, caches=True, checker=False, checkpoint_at_end=False, checkpoint_dir=None, checkpoint_restore=None, chroot=None, cmd='./attack-binaries/mr_latency;', cpu_clock='3GHz', cpu_type='O3CPU', data_trace_file='', dist=False, dist_rank=0, dist_server_name='127.0.0.1', dist_server_port=2200, dist_size=0, dist_sync_on_pseudo_op=False, dist_sync_repeat='0us', dist_sync_start='5200000000000t', elastic_trace_en=False, enable_dram_powerdown=False, env='', errout='', ethernet_linkdelay='10us', ethernet_linkspeed='10Gbps', external_memory_system=None, fast_forward=None, indirect_bp_type=None, init_param=0, initialize_only=False, input='', inst_trace_file='', interp_dir=None, is_switch=False, l1d_assoc=8, l1d_hwp_type=None, l1d_size='32kB', l1i_assoc=8, l1i_hwp_type=None, l1i_size='32kB', l2_assoc=16, l2_hwp_type=None, l2_size='4MB', l2cache=True, l3_assoc=16, l3_size='16MB', l3cache=False, list_bp_types=None, list_cpu_types=None, list_hwp_types=None, list_indirect_bp_types=None, list_mem_types=None, list_rp_types=None, m5_outdir=None, max_checkpoints=5, maxinsts=None, maxtime=None, mem_channels=1, mem_channels_intlv=0, mem_ranks=None, mem_size='8GB', mem_type='Ramulator2', memchecker=False, num_cpus=1, num_dirs=1, num_l2caches=1, num_l3caches=1, num_work_ids=None, options='1600 2;', output='', output_dir=None, override_vendor_string=None, param=[], prog_interval=None, ramulator_config='/app/configs/rhsc/ramulator/prac.yaml', redirects=[], rel_max_tick=None, repeat_switch=None, restore_simpoint_checkpoint=False, restore_with_cpu='X86AtomicSimpleCPU', ruby=False, simpoint=False, simpoint_interval=10000000, simpoint_profile=False, smt=False, spec_input='ref', standard_switch=None, stats_root=[], sys_clock='1GHz', sys_voltage='1.0V', take_checkpoints=None, take_simpoint_checkpoints=None, tlm_memory=None, wait_gdb=False, warmup_insts=None, work_begin_checkpoint_count=None, work_begin_cpu_id_exit=None, work_begin_exit_count=None, work_cpus_checkpoint_count=None, work_end_checkpoint_count=None, work_end_exit_count=None, work_item_id=None)
Memory TYPE::  Ramulator2
Ramulator2 system configuration file = /app/configs/rhsc/ramulator/prac.yaml
Ramulator2 mem_ctrl is connected 

m5out
**** REAL SIMULATION ****
Accesses Begin
Dump Begin
0: Latency: 101
1: Latency: 137
2: Latency: 137
3: Latency: 137
4: Latency: 137
5: Latency: 137
6: Latency: 137
7: Latency: 137
8: Latency: 137
9: Latency: 137
10: Latency: 137
11: Latency: 135
12: Latency: 137
13: Latency: 137
14: Latency: 137
15: Latency: 136
16: Latency: 136
17: Latency: 137
18: Latency: 137
19: Latency: 137
20: Latency: 137
21: Latency: 137
22: Latency: 137
23: Latency: 137
24: Latency: 137
25: Latency: 137
26: Latency: 137
27: Latency: 137
28: Latency: 135
29: Latency: 137
30: Latency: 137
31: Latency: 137
32: Latency: 136
33: Latency: 136
34: Latency: 137
35: Latency: 137
36: Latency: 1000
37: Latency: 137
38: Latency: 137
39: Latency: 137
40: Latency: 137
41: Latency: 137
42: Latency: 137
43: Latency: 137
44: Latency: 137
45: Latency: 137
46: Latency: 137
47: Latency: 137
48: Latency: 137
49: Latency: 137
50: Latency: 136
51: Latency: 136
52: Latency: 137
53: Latency: 137
54: Latency: 137
55: Latency: 137
56: Latency: 137
57: Latency: 137
58: Latency: 137
59: Latency: 137
60: Latency: 137
61: Latency: 137
62: Latency: 137
63: Latency: 137
64: Latency: 137
65: Latency: 137
66: Latency: 137
67: Latency: 137
68: Latency: 135
69: Latency: 137
70: Latency: 137
71: Latency: 137
72: Latency: 137
73: Latency: 137
74: Latency: 137
75: Latency: 137
76: Latency: 137
77: Latency: 137
78: Latency: 137
79: Latency: 137
80: Latency: 137
81: Latency: 137
82: Latency: 137
83: Latency: 137
84: Latency: 137
85: Latency: 135
86: Latency: 998
87: Latency: 137
88: Latency: 137
89: Latency: 137
90: Latency: 136
91: Latency: 136
92: Latency: 137
93: Latency: 137
94: Latency: 137
95: Latency: 137
96: Latency: 137
97: Latency: 137
98: Latency: 137
99: Latency: 137
100: Latency: 137
101: Latency: 137
102: Latency: 137
103: Latency: 135
104: Latency: 137
105: Latency: 137
106: Latency: 137
107: Latency: 136
108: Latency: 136
109: Latency: 137
110: Latency: 137
111: Latency: 137
112: Latency: 137
113: Latency: 137
114: Latency: 137
115: Latency: 137
116: Latency: 137
117: Latency: 137
118: Latency: 137
119: Latency: 137
120: Latency: 137
121: Latency: 137
122: Latency: 137
123: Latency: 137
124: Latency: 137
125: Latency: 135
126: Latency: 137
127: Latency: 137
128: Latency: 137
129: Latency: 137
130: Latency: 137
131: Latency: 137
132: Latency: 137
133: Latency: 137
134: Latency: 137
135: Latency: 137
136: Latency: 137
137: Latency: 972
138: Latency: 137
139: Latency: 137
140: Latency: 137
141: Latency: 137
142: Latency: 137
143: Latency: 137
144: Latency: 137
145: Latency: 137
146: Latency: 137
147: Latency: 137
148: Latency: 135
149: Latency: 137
150: Latency: 137
151: Latency: 137
152: Latency: 136
153: Latency: 136
154: Latency: 137
155: Latency: 137
156: Latency: 137
157: Latency: 137
158: Latency: 137
159: Latency: 137
160: Latency: 137
161: Latency: 137
162: Latency: 137
163: Latency: 137
164: Latency: 137
165: Latency: 137
166: Latency: 137
167: Latency: 137
168: Latency: 137
169: Latency: 137
170: Latency: 135
171: Latency: 137
172: Latency: 137
173: Latency: 137
174: Latency: 137
175: Latency: 137
176: Latency: 137
177: Latency: 137
178: Latency: 137
179: Latency: 137
180: Latency: 137
181: Latency: 137
182: Latency: 137
183: Latency: 137
184: Latency: 137
185: Latency: 137
186: Latency: 137
187: Latency: 135
188: Latency: 937
189: Latency: 137
190: Latency: 136
191: Latency: 136
192: Latency: 137
193: Latency: 137
194: Latency: 137
195: Latency: 137
196: Latency: 137
197: Latency: 137
198: Latency: 137
199: Latency: 137
200: Latency: 137
201: Latency: 137
202: Latency: 137
203: Latency: 135
204: Latency: 137
205: Latency: 137
206: Latency: 137
207: Latency: 136
208: Latency: 136
209: Latency: 137
210: Latency: 137
211: Latency: 137
212: Latency: 137
213: Latency: 137
214: Latency: 137
215: Latency: 137
216: Latency: 137
217: Latency: 137
218: Latency: 137
219: Latency: 137
220: Latency: 137
221: Latency: 137
222: Latency: 137
223: Latency: 137
224: Latency: 137
225: Latency: 135
226: Latency: 137
227: Latency: 137
228: Latency: 137
229: Latency: 137
230: Latency: 137
231: Latency: 137
232: Latency: 137
233: Latency: 137
234: Latency: 137
235: Latency: 137
236: Latency: 137
237: Latency: 137
238: Latency: 137
239: Latency: 934
240: Latency: 137
241: Latency: 135
242: Latency: 137
243: Latency: 137
244: Latency: 137
245: Latency: 136
246: Latency: 136
247: Latency: 137
248: Latency: 137
249: Latency: 137
250: Latency: 137
251: Latency: 137
252: Latency: 1582
253: Latency: 147
254: Latency: 143
255: Latency: 142
256: Latency: 142
257: Latency: 135
258: Latency: 137
259: Latency: 137
260: Latency: 137
261: Latency: 136
262: Latency: 136
263: Latency: 137
264: Latency: 137
265: Latency: 137
266: Latency: 137
267: Latency: 137
268: Latency: 137
269: Latency: 137
270: Latency: 137
271: Latency: 137
272: Latency: 137
273: Latency: 137
274: Latency: 137
275: Latency: 137
276: Latency: 137
277: Latency: 137
278: Latency: 137
279: Latency: 971
280: Latency: 137
281: Latency: 137
282: Latency: 137
283: Latency: 137
284: Latency: 137
285: Latency: 135
286: Latency: 137
287: Latency: 137
288: Latency: 137
289: Latency: 136
290: Latency: 136
291: Latency: 137
292: Latency: 137
293: Latency: 137
294: Latency: 137
295: Latency: 137
296: Latency: 137
297: Latency: 137
298: Latency: 137
299: Latency: 137
300: Latency: 137
301: Latency: 137
302: Latency: 135
303: Latency: 137
304: Latency: 137
305: Latency: 137
306: Latency: 136
307: Latency: 136
308: Latency: 137
309: Latency: 137
310: Latency: 137
311: Latency: 137
312: Latency: 137
313: Latency: 137
314: Latency: 137
315: Latency: 137
316: Latency: 137
317: Latency: 137
318: Latency: 137
319: Latency: 137
320: Latency: 137
321: Latency: 137
322: Latency: 137
323: Latency: 137
324: Latency: 135
325: Latency: 137
326: Latency: 137
327: Latency: 137
328: Latency: 137
329: Latency: 137
330: Latency: 938
331: Latency: 137
332: Latency: 137
333: Latency: 137
334: Latency: 137
335: Latency: 137
336: Latency: 137
337: Latency: 137
338: Latency: 137
339: Latency: 137
340: Latency: 135
341: Latency: 137
342: Latency: 137
343: Latency: 137
344: Latency: 136
345: Latency: 136
346: Latency: 137
347: Latency: 137
348: Latency: 137
349: Latency: 137
350: Latency: 137
351: Latency: 137
352: Latency: 137
353: Latency: 137
354: Latency: 137
355: Latency: 137
356: Latency: 137
357: Latency: 135
358: Latency: 137
359: Latency: 137
360: Latency: 137
361: Latency: 136
362: Latency: 136
363: Latency: 137
364: Latency: 137
365: Latency: 137
366: Latency: 137
367: Latency: 137
368: Latency: 137
369: Latency: 137
370: Latency: 137
371: Latency: 137
372: Latency: 137
373: Latency: 137
374: Latency: 137
375: Latency: 137
376: Latency: 137
377: Latency: 137
378: Latency: 137
379: Latency: 135
380: Latency: 147
381: Latency: 928
382: Latency: 143
383: Latency: 138
384: Latency: 142
385: Latency: 137
386: Latency: 137
387: Latency: 137
388: Latency: 137
389: Latency: 137
390: Latency: 135
391: Latency: 137
392: Latency: 137
393: Latency: 137
394: Latency: 136
395: Latency: 136
396: Latency: 137
397: Latency: 137
398: Latency: 137
399: Latency: 137
400: Latency: 137
401: Latency: 137
402: Latency: 137
403: Latency: 137
404: Latency: 137
405: Latency: 137
406: Latency: 137
407: Latency: 137
408: Latency: 137
409: Latency: 137
410: Latency: 137
411: Latency: 137
412: Latency: 135
413: Latency: 137
414: Latency: 137
415: Latency: 137
416: Latency: 137
417: Latency: 137
418: Latency: 137
419: Latency: 137
420: Latency: 137
421: Latency: 137
422: Latency: 137
423: Latency: 137
424: Latency: 137
425: Latency: 137
426: Latency: 137
427: Latency: 137
428: Latency: 137
429: Latency: 135
430: Latency: 137
431: Latency: 137
432: Latency: 923
433: Latency: 135
434: Latency: 137
435: Latency: 137
436: Latency: 137
437: Latency: 136
438: Latency: 136
439: Latency: 137
440: Latency: 137
441: Latency: 137
442: Latency: 137
443: Latency: 137
444: Latency: 143
445: Latency: 138
446: Latency: 138
447: Latency: 138
448: Latency: 142
449: Latency: 136
450: Latency: 136
451: Latency: 137
452: Latency: 137
453: Latency: 137
454: Latency: 137
455: Latency: 137
456: Latency: 137
457: Latency: 137
458: Latency: 137
459: Latency: 137
460: Latency: 137
461: Latency: 137
462: Latency: 137
463: Latency: 137
464: Latency: 137
465: Latency: 137
466: Latency: 137
467: Latency: 135
468: Latency: 137
469: Latency: 137
470: Latency: 137
471: Latency: 137
472: Latency: 137
473: Latency: 137
474: Latency: 137
475: Latency: 137
476: Latency: 143
477: Latency: 138
478: Latency: 138
479: Latency: 138
480: Latency: 137
481: Latency: 137
482: Latency: 1013
483: Latency: 137
484: Latency: 137
485: Latency: 137
486: Latency: 137
487: Latency: 137
488: Latency: 137
489: Latency: 137
490: Latency: 137
491: Latency: 137
492: Latency: 143
493: Latency: 138
494: Latency: 138
495: Latency: 138
496: Latency: 136
497: Latency: 136
498: Latency: 137
499: Latency: 137
500: Latency: 142
501: Latency: 143
502: Latency: 142
503: Latency: 138
504: Latency: 143
505: Latency: 138
506: Latency: 138
507: Latency: 1582
508: Latency: 138
509: Latency: 138
510: Latency: 138
511: Latency: 138
512: Latency: 141
513: Latency: 136
514: Latency: 137
515: Latency: 137
516: Latency: 137
517: Latency: 137
518: Latency: 137
519: Latency: 137
520: Latency: 137
521: Latency: 137
522: Latency: 987
523: Latency: 137
524: Latency: 137
525: Latency: 137
526: Latency: 137
527: Latency: 137
528: Latency: 137
529: Latency: 137
530: Latency: 137
531: Latency: 135
532: Latency: 137
533: Latency: 137
534: Latency: 137
535: Latency: 137
536: Latency: 137
537: Latency: 137
538: Latency: 137
539: Latency: 137
540: Latency: 137
541: Latency: 137
542: Latency: 137
543: Latency: 137
544: Latency: 137
545: Latency: 137
546: Latency: 137
547: Latency: 137
548: Latency: 135
549: Latency: 137
550: Latency: 137
551: Latency: 137
552: Latency: 136
553: Latency: 136
554: Latency: 137
555: Latency: 137
556: Latency: 137
557: Latency: 137
558: Latency: 137
559: Latency: 137
560: Latency: 137
561: Latency: 137
562: Latency: 137
563: Latency: 137
564: Latency: 137
565: Latency: 135
566: Latency: 137
567: Latency: 137
568: Latency: 137
569: Latency: 136
570: Latency: 136
571: Latency: 137
572: Latency: 137
573: Latency: 937
574: Latency: 137
575: Latency: 137
576: Latency: 137
577: Latency: 137
578: Latency: 137
579: Latency: 137
580: Latency: 137
581: Latency: 137
582: Latency: 137
583: Latency: 137
584: Latency: 137
585: Latency: 137
586: Latency: 135
587: Latency: 137
588: Latency: 137
589: Latency: 137
590: Latency: 137
591: Latency: 137
592: Latency: 137
593: Latency: 137
594: Latency: 137
595: Latency: 137
596: Latency: 137
597: Latency: 137
598: Latency: 137
599: Latency: 137
600: Latency: 137
601: Latency: 137
602: Latency: 137
603: Latency: 135
604: Latency: 137
605: Latency: 137
606: Latency: 137
607: Latency: 136
608: Latency: 136
609: Latency: 137
610: Latency: 137
611: Latency: 137
612: Latency: 137
613: Latency: 137
614: Latency: 137
615: Latency: 137
616: Latency: 137
617: Latency: 137
618: Latency: 137
619: Latency: 137
620: Latency: 135
621: Latency: 137
622: Latency: 137
623: Latency: 137
624: Latency: 936
625: Latency: 137
626: Latency: 137
627: Latency: 137
628: Latency: 137
629: Latency: 137
630: Latency: 137
631: Latency: 137
632: Latency: 137
633: Latency: 137
634: Latency: 137
635: Latency: 137
636: Latency: 143
637: Latency: 138
638: Latency: 138
639: Latency: 138
640: Latency: 141
641: Latency: 136
642: Latency: 137
643: Latency: 137
644: Latency: 137
645: Latency: 137
646: Latency: 137
647: Latency: 137
648: Latency: 137
649: Latency: 137
650: Latency: 137
651: Latency: 137
652: Latency: 137
653: Latency: 135
654: Latency: 137
655: Latency: 137
656: Latency: 137
657: Latency: 136
658: Latency: 136
659: Latency: 137
660: Latency: 137
661: Latency: 137
662: Latency: 137
663: Latency: 137
664: Latency: 137
665: Latency: 137
666: Latency: 137
667: Latency: 137
668: Latency: 137
669: Latency: 137
670: Latency: 137
671: Latency: 137
672: Latency: 137
673: Latency: 137
674: Latency: 1020
675: Latency: 137
676: Latency: 137
677: Latency: 137
678: Latency: 137
679: Latency: 137
680: Latency: 137
681: Latency: 137
682: Latency: 137
683: Latency: 137
684: Latency: 137
685: Latency: 137
686: Latency: 137
687: Latency: 137
688: Latency: 135
689: Latency: 137
690: Latency: 137
691: Latency: 137
692: Latency: 137
693: Latency: 137
694: Latency: 137
695: Latency: 137
696: Latency: 137
697: Latency: 137
698: Latency: 137
699: Latency: 137
700: Latency: 143
701: Latency: 138
702: Latency: 138
703: Latency: 138
704: Latency: 141
705: Latency: 136
706: Latency: 137
707: Latency: 137
708: Latency: 137
709: Latency: 137
710: Latency: 137
711: Latency: 137
712: Latency: 137
713: Latency: 137
714: Latency: 137
715: Latency: 137
716: Latency: 137
717: Latency: 135
718: Latency: 137
719: Latency: 137
720: Latency: 137
721: Latency: 136
722: Latency: 136
723: Latency: 137
724: Latency: 137
725: Latency: 958
726: Latency: 137
727: Latency: 137
728: Latency: 137
729: Latency: 137
730: Latency: 137
731: Latency: 137
732: Latency: 142
733: Latency: 139
734: Latency: 138
735: Latency: 138
736: Latency: 137
737: Latency: 137
738: Latency: 137
739: Latency: 137
740: Latency: 137
741: Latency: 137
742: Latency: 137
743: Latency: 137
744: Latency: 137
745: Latency: 135
746: Latency: 137
747: Latency: 137
748: Latency: 142
749: Latency: 137
750: Latency: 139
751: Latency: 138
752: Latency: 137
753: Latency: 137
754: Latency: 137
755: Latency: 137
756: Latency: 143
757: Latency: 143
758: Latency: 142
759: Latency: 138
760: Latency: 142
761: Latency: 138
762: Latency: 1582
763: Latency: 138
764: Latency: 138
765: Latency: 948
766: Latency: 138
767: Latency: 138
768: Latency: 142
769: Latency: 137
770: Latency: 137
771: Latency: 137
772: Latency: 135
773: Latency: 137
774: Latency: 137
775: Latency: 137
776: Latency: 136
777: Latency: 136
778: Latency: 137
779: Latency: 137
780: Latency: 137
781: Latency: 137
782: Latency: 137
783: Latency: 137
784: Latency: 137
785: Latency: 137
786: Latency: 137
787: Latency: 137
788: Latency: 137
789: Latency: 137
790: Latency: 137
791: Latency: 137
792: Latency: 137
793: Latency: 137
794: Latency: 135
795: Latency: 137
796: Latency: 137
797: Latency: 137
798: Latency: 137
799: Latency: 137
800: Latency: 137
801: Latency: 137
802: Latency: 137
803: Latency: 137
804: Latency: 137
805: Latency: 137
806: Latency: 137
807: Latency: 137
808: Latency: 137
809: Latency: 137
810: Latency: 137
811: Latency: 135
812: Latency: 137
813: Latency: 137
814: Latency: 137
815: Latency: 137
816: Latency: 929
817: Latency: 137
818: Latency: 137
819: Latency: 137
820: Latency: 137
821: Latency: 137
822: Latency: 137
823: Latency: 137
824: Latency: 137
825: Latency: 137
826: Latency: 137
827: Latency: 137
828: Latency: 142
829: Latency: 138
830: Latency: 138
831: Latency: 137
832: Latency: 143
833: Latency: 137
834: Latency: 137
835: Latency: 137
836: Latency: 137
837: Latency: 137
838: Latency: 137
839: Latency: 137
840: Latency: 137
841: Latency: 137
842: Latency: 137
843: Latency: 137
844: Latency: 135
845: Latency: 137
846: Latency: 137
847: Latency: 137
848: Latency: 136
849: Latency: 136
850: Latency: 137
851: Latency: 137
852: Latency: 137
853: Latency: 137
854: Latency: 137
855: Latency: 137
856: Latency: 137
857: Latency: 137
858: Latency: 137
859: Latency: 137
860: Latency: 143
861: Latency: 138
862: Latency: 138
863: Latency: 138
864: Latency: 137
865: Latency: 137
866: Latency: 1010
867: Latency: 137
868: Latency: 137
869: Latency: 137
870: Latency: 137
871: Latency: 137
872: Latency: 137
873: Latency: 137
874: Latency: 135
875: Latency: 137
876: Latency: 143
877: Latency: 138
878: Latency: 137
879: Latency: 139
880: Latency: 137
881: Latency: 137
882: Latency: 137
883: Latency: 137
884: Latency: 142
885: Latency: 138
886: Latency: 138
887: Latency: 138
888: Latency: 143
889: Latency: 138
890: Latency: 137
891: Latency: 139
892: Latency: 138
893: Latency: 138
894: Latency: 138
895: Latency: 138
896: Latency: 142
897: Latency: 137
898: Latency: 137
899: Latency: 137
900: Latency: 137
901: Latency: 137
902: Latency: 137
903: Latency: 135
904: Latency: 137
905: Latency: 137
906: Latency: 137
907: Latency: 137
908: Latency: 137
909: Latency: 137
910: Latency: 137
911: Latency: 137
912: Latency: 137
913: Latency: 137
914: Latency: 137
915: Latency: 137
916: Latency: 137
917: Latency: 933
918: Latency: 137
919: Latency: 135
920: Latency: 137
921: Latency: 137
922: Latency: 137
923: Latency: 136
924: Latency: 144
925: Latency: 138
926: Latency: 138
927: Latency: 138
928: Latency: 137
929: Latency: 137
930: Latency: 137
931: Latency: 137
932: Latency: 137
933: Latency: 137
934: Latency: 137
935: Latency: 137
936: Latency: 135
937: Latency: 137
938: Latency: 137
939: Latency: 137
940: Latency: 143
941: Latency: 138
942: Latency: 138
943: Latency: 138
944: Latency: 137
945: Latency: 137
946: Latency: 137
947: Latency: 137
948: Latency: 143
949: Latency: 138
950: Latency: 138
951: Latency: 138
952: Latency: 142
953: Latency: 139
954: Latency: 138
955: Latency: 138
956: Latency: 138
957: Latency: 138
958: Latency: 138
959: Latency: 138
960: Latency: 142
961: Latency: 137
962: Latency: 137
963: Latency: 137
964: Latency: 137
965: Latency: 135
966: Latency: 137
967: Latency: 989
968: Latency: 137
969: Latency: 137
970: Latency: 136
971: Latency: 136
972: Latency: 143
973: Latency: 138
974: Latency: 138
975: Latency: 138
976: Latency: 137
977: Latency: 137
978: Latency: 137
979: Latency: 137
980: Latency: 143
981: Latency: 138
982: Latency: 137
983: Latency: 139
984: Latency: 143
985: Latency: 138
986: Latency: 138
987: Latency: 138
988: Latency: 138
989: Latency: 138
990: Latency: 138
991: Latency: 138
992: Latency: 142
993: Latency: 137
994: Latency: 137
995: Latency: 135
996: Latency: 142
997: Latency: 138
998: Latency: 138
999: Latency: 138
1000: Latency: 142
1001: Latency: 138
1002: Latency: 138
1003: Latency: 138
1004: Latency: 138
1005: Latency: 138
1006: Latency: 138
1007: Latency: 138
1008: Latency: 138
1009: Latency: 138
1010: Latency: 138
1011: Latency: 138
1012: Latency: 138
1013: Latency: 138
1014: Latency: 138
1015: Latency: 138
1016: Latency: 138
1017: Latency: 2795
1018: Latency: 138
1019: Latency: 138
1020: Latency: 138
1021: Latency: 138
1022: Latency: 138
1023: Latency: 137
1024: Latency: 143
1025: Latency: 137
1026: Latency: 137
1027: Latency: 137
1028: Latency: 142
1029: Latency: 137
1030: Latency: 137
1031: Latency: 137
1032: Latency: 137
1033: Latency: 137
1034: Latency: 137
1035: Latency: 137
1036: Latency: 135
1037: Latency: 137
1038: Latency: 137
1039: Latency: 137
1040: Latency: 136
1041: Latency: 136
1042: Latency: 137
1043: Latency: 137
1044: Latency: 137
1045: Latency: 137
1046: Latency: 137
1047: Latency: 137
1048: Latency: 137
1049: Latency: 137
1050: Latency: 137
1051: Latency: 137
1052: Latency: 137
1053: Latency: 135
1054: Latency: 137
1055: Latency: 943
1056: Latency: 136
1057: Latency: 136
1058: Latency: 137
1059: Latency: 137
1060: Latency: 137
1061: Latency: 137
1062: Latency: 137
1063: Latency: 137
1064: Latency: 137
1065: Latency: 137
1066: Latency: 137
1067: Latency: 137
1068: Latency: 137
1069: Latency: 135
1070: Latency: 137
1071: Latency: 137
1072: Latency: 137
1073: Latency: 137
1074: Latency: 135
1075: Latency: 137
1076: Latency: 137
1077: Latency: 137
1078: Latency: 137
1079: Latency: 137
1080: Latency: 137
1081: Latency: 137
1082: Latency: 137
1083: Latency: 137
1084: Latency: 137
1085: Latency: 137
1086: Latency: 137
1087: Latency: 137
1088: Latency: 137
1089: Latency: 137
1090: Latency: 137
1091: Latency: 135
1092: Latency: 137
1093: Latency: 137
1094: Latency: 137
1095: Latency: 137
1096: Latency: 137
1097: Latency: 137
1098: Latency: 137
1099: Latency: 137
1100: Latency: 137
1101: Latency: 137
1102: Latency: 137
1103: Latency: 137
1104: Latency: 137
1105: Latency: 137
1106: Latency: 936
1107: Latency: 135
1108: Latency: 137
1109: Latency: 137
1110: Latency: 137
1111: Latency: 136
1112: Latency: 136
1113: Latency: 137
1114: Latency: 137
1115: Latency: 137
1116: Latency: 137
1117: Latency: 137
1118: Latency: 137
1119: Latency: 137
1120: Latency: 137
1121: Latency: 137
1122: Latency: 137
1123: Latency: 137
1124: Latency: 137
1125: Latency: 137
1126: Latency: 137
1127: Latency: 137
1128: Latency: 136
1129: Latency: 136
1130: Latency: 137
1131: Latency: 137
1132: Latency: 137
1133: Latency: 137
1134: Latency: 137
1135: Latency: 137
1136: Latency: 137
1137: Latency: 137
1138: Latency: 137
1139: Latency: 137
1140: Latency: 137
1141: Latency: 137
1142: Latency: 137
1143: Latency: 137
1144: Latency: 137
1145: Latency: 137
1146: Latency: 135
1147: Latency: 137
1148: Latency: 143
1149: Latency: 138
1150: Latency: 138
1151: Latency: 138
1152: Latency: 142
1153: Latency: 137
1154: Latency: 137
1155: Latency: 137
1156: Latency: 137
1157: Latency: 921
1158: Latency: 137
1159: Latency: 137
1160: Latency: 137
1161: Latency: 137
1162: Latency: 135
1163: Latency: 137
1164: Latency: 137
1165: Latency: 137
1166: Latency: 136
1167: Latency: 136
1168: Latency: 137
1169: Latency: 137
1170: Latency: 137
1171: Latency: 137
1172: Latency: 137
1173: Latency: 137
1174: Latency: 137
1175: Latency: 137
1176: Latency: 137
1177: Latency: 137
1178: Latency: 137
1179: Latency: 137
1180: Latency: 137
1181: Latency: 137
1182: Latency: 137
1183: Latency: 136
1184: Latency: 136
1185: Latency: 137
1186: Latency: 137
1187: Latency: 137
1188: Latency: 137
1189: Latency: 137
1190: Latency: 137
1191: Latency: 137
1192: Latency: 137
1193: Latency: 137
1194: Latency: 137
1195: Latency: 137
1196: Latency: 137
1197: Latency: 137
1198: Latency: 137
1199: Latency: 137
1200: Latency: 137
1201: Latency: 135
1202: Latency: 137
1203: Latency: 137
1204: Latency: 137
1205: Latency: 137
1206: Latency: 137
1207: Latency: 137
1208: Latency: 936
1209: Latency: 137
1210: Latency: 137
1211: Latency: 137
1212: Latency: 142
1213: Latency: 138
1214: Latency: 138
1215: Latency: 138
1216: Latency: 141
1217: Latency: 136
1218: Latency: 137
1219: Latency: 137
1220: Latency: 137
1221: Latency: 137
1222: Latency: 137
1223: Latency: 137
1224: Latency: 137
1225: Latency: 137
1226: Latency: 137
1227: Latency: 137
1228: Latency: 137
1229: Latency: 137
1230: Latency: 137
1231: Latency: 137
1232: Latency: 137
1233: Latency: 137
1234: Latency: 135
1235: Latency: 137
1236: Latency: 137
1237: Latency: 137
1238: Latency: 137
1239: Latency: 137
1240: Latency: 137
1241: Latency: 137
1242: Latency: 137
1243: Latency: 137
1244: Latency: 142
1245: Latency: 138
1246: Latency: 138
1247: Latency: 138
1248: Latency: 137
1249: Latency: 137
1250: Latency: 136
1251: Latency: 136
1252: Latency: 137
1253: Latency: 137
1254: Latency: 137
1255: Latency: 137
1256: Latency: 137
1257: Latency: 137
1258: Latency: 1013
1259: Latency: 137
1260: Latency: 142
1261: Latency: 138
1262: Latency: 138
1263: Latency: 137
1264: Latency: 136
1265: Latency: 137
1266: Latency: 137
1267: Latency: 137
1268: Latency: 143
1269: Latency: 138
1270: Latency: 138
1271: Latency: 138
1272: Latency: 1581
1273: Latency: 138
1274: Latency: 138
1275: Latency: 138
1276: Latency: 138
1277: Latency: 138
1278: Latency: 138
1279: Latency: 138
1280: Latency: 142
1281: Latency: 137
1282: Latency: 137
1283: Latency: 137
1284: Latency: 137
1285: Latency: 137
1286: Latency: 137
1287: Latency: 137
1288: Latency: 137
1289: Latency: 137
1290: Latency: 137
1291: Latency: 137
1292: Latency: 137
1293: Latency: 137
1294: Latency: 137
1295: Latency: 137
1296: Latency: 137
1297: Latency: 135
1298: Latency: 1002
1299: Latency: 137
1300: Latency: 137
1301: Latency: 137
1302: Latency: 136
1303: Latency: 136
1304: Latency: 137
1305: Latency: 137
1306: Latency: 137
1307: Latency: 137
1308: Latency: 137
1309: Latency: 137
1310: Latency: 137
1311: Latency: 137
1312: Latency: 137
1313: Latency: 137
1314: Latency: 137
1315: Latency: 135
1316: Latency: 137
1317: Latency: 137
1318: Latency: 137
1319: Latency: 136
1320: Latency: 136
1321: Latency: 137
1322: Latency: 137
1323: Latency: 137
1324: Latency: 137
1325: Latency: 137
1326: Latency: 137
1327: Latency: 137
1328: Latency: 137
1329: Latency: 137
1330: Latency: 137
1331: Latency: 137
1332: Latency: 137
1333: Latency: 137
1334: Latency: 137
1335: Latency: 137
1336: Latency: 136
1337: Latency: 136
1338: Latency: 137
1339: Latency: 137
1340: Latency: 142
1341: Latency: 138
1342: Latency: 138
1343: Latency: 138
1344: Latency: 137
1345: Latency: 137
1346: Latency: 137
1347: Latency: 137
1348: Latency: 137
1349: Latency: 927
1350: Latency: 137
1351: Latency: 137
1352: Latency: 137
1353: Latency: 135
1354: Latency: 137
1355: Latency: 137
1356: Latency: 137
1357: Latency: 136
1358: Latency: 136
1359: Latency: 137
1360: Latency: 137
1361: Latency: 137
1362: Latency: 137
1363: Latency: 137
1364: Latency: 137
1365: Latency: 137
1366: Latency: 137
1367: Latency: 137
1368: Latency: 137
1369: Latency: 137
1370: Latency: 135
1371: Latency: 137
1372: Latency: 143
1373: Latency: 138
1374: Latency: 137
1375: Latency: 139
1376: Latency: 137
1377: Latency: 137
1378: Latency: 137
1379: Latency: 137
1380: Latency: 137
1381: Latency: 137
1382: Latency: 137
1383: Latency: 137
1384: Latency: 137
1385: Latency: 137
1386: Latency: 137
1387: Latency: 135
1388: Latency: 142
1389: Latency: 138
1390: Latency: 138
1391: Latency: 138
1392: Latency: 137
1393: Latency: 137
1394: Latency: 137
1395: Latency: 137
1396: Latency: 143
1397: Latency: 138
1398: Latency: 138
1399: Latency: 1011
1400: Latency: 143
1401: Latency: 138
1402: Latency: 138
1403: Latency: 138
1404: Latency: 138
1405: Latency: 138
1406: Latency: 138
1407: Latency: 138
1408: Latency: 142
1409: Latency: 137
1410: Latency: 137
1411: Latency: 137
1412: Latency: 135
1413: Latency: 137
1414: Latency: 137
1415: Latency: 137
1416: Latency: 136
1417: Latency: 136
1418: Latency: 137
1419: Latency: 137
1420: Latency: 137
1421: Latency: 137
1422: Latency: 137
1423: Latency: 137
1424: Latency: 137
1425: Latency: 137
1426: Latency: 137
1427: Latency: 137
1428: Latency: 137
1429: Latency: 135
1430: Latency: 137
1431: Latency: 137
1432: Latency: 137
1433: Latency: 136
1434: Latency: 136
1435: Latency: 137
1436: Latency: 143
1437: Latency: 138
1438: Latency: 138
1439: Latency: 138
1440: Latency: 137
1441: Latency: 137
1442: Latency: 137
1443: Latency: 137
1444: Latency: 137
1445: Latency: 137
1446: Latency: 135
1447: Latency: 137
1448: Latency: 137
1449: Latency: 137
1450: Latency: 947
1451: Latency: 137
1452: Latency: 142
1453: Latency: 138
1454: Latency: 138
1455: Latency: 138
1456: Latency: 137
1457: Latency: 137
1458: Latency: 137
1459: Latency: 137
1460: Latency: 142
1461: Latency: 137
1462: Latency: 139
1463: Latency: 138
1464: Latency: 143
1465: Latency: 138
1466: Latency: 138
1467: Latency: 138
1468: Latency: 138
1469: Latency: 138
1470: Latency: 138
1471: Latency: 138
1472: Latency: 142
1473: Latency: 136
1474: Latency: 136
1475: Latency: 137
1476: Latency: 137
1477: Latency: 137
1478: Latency: 137
1479: Latency: 137
1480: Latency: 137
1481: Latency: 137
1482: Latency: 137
1483: Latency: 137
1484: Latency: 142
1485: Latency: 138
1486: Latency: 138
1487: Latency: 138
1488: Latency: 137
1489: Latency: 137
1490: Latency: 136
1491: Latency: 136
1492: Latency: 143
1493: Latency: 138
1494: Latency: 138
1495: Latency: 138
1496: Latency: 142
1497: Latency: 138
1498: Latency: 138
1499: Latency: 138
1500: Latency: 1010
1501: Latency: 138
1502: Latency: 138
1503: Latency: 138
1504: Latency: 142
1505: Latency: 137
1506: Latency: 137
1507: Latency: 137
1508: Latency: 143
1509: Latency: 138
1510: Latency: 138
1511: Latency: 138
1512: Latency: 142
1513: Latency: 138
1514: Latency: 138
1515: Latency: 138
1516: Latency: 138
1517: Latency: 138
1518: Latency: 138
1519: Latency: 138
1520: Latency: 138
1521: Latency: 138
1522: Latency: 138
1523: Latency: 138
1524: Latency: 138
1525: Latency: 138
1526: Latency: 138
1527: Latency: 1582
1528: Latency: 138
1529: Latency: 138
1530: Latency: 138
1531: Latency: 137
1532: Latency: 139
1533: Latency: 138
1534: Latency: 138
1535: Latency: 138
1536: Latency: 142
1537: Latency: 137
1538: Latency: 137
1539: Latency: 137
1540: Latency: 941
1541: Latency: 137
1542: Latency: 137
1543: Latency: 135
1544: Latency: 137
1545: Latency: 137
1546: Latency: 137
1547: Latency: 137
1548: Latency: 137
1549: Latency: 137
1550: Latency: 137
1551: Latency: 137
1552: Latency: 137
1553: Latency: 137
1554: Latency: 137
1555: Latency: 137
1556: Latency: 137
1557: Latency: 137
1558: Latency: 137
1559: Latency: 137
1560: Latency: 135
1561: Latency: 137
1562: Latency: 137
1563: Latency: 137
1564: Latency: 136
1565: Latency: 136
1566: Latency: 137
1567: Latency: 137
1568: Latency: 137
1569: Latency: 137
1570: Latency: 137
1571: Latency: 137
1572: Latency: 137
1573: Latency: 137
1574: Latency: 137
1575: Latency: 137
1576: Latency: 137
1577: Latency: 135
1578: Latency: 137
1579: Latency: 137
1580: Latency: 137
1581: Latency: 136
1582: Latency: 136
1583: Latency: 137
1584: Latency: 137
1585: Latency: 137
1586: Latency: 137
1587: Latency: 137
1588: Latency: 137
1589: Latency: 137
1590: Latency: 137
1591: Latency: 937
1592: Latency: 137
1593: Latency: 137
1594: Latency: 137
1595: Latency: 137
1596: Latency: 142
1597: Latency: 137
1598: Latency: 139
1599: Latency: 138
Frontend:
  impl: GEM5

MemorySystem:
  impl: BHDRAMSystem
  total_num_other_requests: 0
  total_num_write_requests: 0
  total_num_read_requests: 3289
  memory_system_cycles: 1125206

  DRAM:
    impl: DDR5-VRR
    total_vrr_cycles_rank1: 0
    total_rfm_cycles_rank1: 0
    total_vrr_cycles_rank0: 0
    total_rfm_cycles_rank0: 0
  AddrMapper:
    impl: RoBaRaCoCh_with_rit


  BHDRAMController:
    impl: PRACDRAMController
    id: Channel 0
    controller_num_row_conflicts: 1634
    controller_num_row_misses: 1950
    controller_num_row_hits: 1339
    BHScheduler:
      impl: PRACScheduler
    RefreshManager:
      impl: DelayedRefresh


    RowPolicy:
      impl: ClosedRowPolicy
      num_close_reqs: 31


    ControllerPlugin:
      impl: PRAC
      prac_num_recovery: 6



Exiting @ tick 703253709 because exiting with last active thread context
