Changing to gem5 directory
Setting up experiment directories and scripts
warning: No `requires-python` value found in the workspace. Defaulting to `>=3.8`.
[INFO] t25000_100b_p0x00_r0d_prac already exists.
[INFO] t25000_100b_p0xFF_r0d_prac already exists.
[INFO] t20000_100b_p0x00_r0d_rfm already exists.
[INFO] t20000_100b_p0xFF_r0d_rfm already exists.
[INFO] t25000_100b_p0x00_r175d_prac already exists.
[INFO] t25000_100b_p0xFF_r175d_prac already exists.
[INFO] t25000_100b_p0x00_r275d_prac already exists.
[INFO] t25000_100b_p0xFF_r275d_prac already exists.
[INFO] t25000_100b_p0x00_r375d_prac already exists.
[INFO] t25000_100b_p0xFF_r375d_prac already exists.
[INFO] t25000_100b_p0x00_r475d_prac already exists.
[INFO] t25000_100b_p0xFF_r475d_prac already exists.
[INFO] t25000_100b_p0x00_r575d_prac already exists.
[INFO] t25000_100b_p0xFF_r575d_prac already exists.
[INFO] t25000_100b_p0x00_r675d_prac already exists.
[INFO] t25000_100b_p0xFF_r675d_prac already exists.
[INFO] t25000_100b_p0x00_r775d_prac already exists.
[INFO] t25000_100b_p0xFF_r775d_prac already exists.
[INFO] t25000_100b_p0x00_r875d_prac already exists.
[INFO] t25000_100b_p0xFF_r875d_prac already exists.
[INFO] t25000_100b_p0x00_r975d_prac already exists.
[INFO] t25000_100b_p0xFF_r975d_prac already exists.
[INFO] t25000_100b_p0x00_r1075d_prac already exists.
[INFO] t25000_100b_p0xFF_r1075d_prac already exists.
[INFO] t25000_100b_p0x00_r1175d_prac already exists.
[INFO] t25000_100b_p0xFF_r1175d_prac already exists.
[INFO] t25000_100b_p0x00_r1275d_prac already exists.
[INFO] t25000_100b_p0xFF_r1275d_prac already exists.
Running gem5 experiments in parallel
warning: No `requires-python` value found in the workspace. Defaulting to `>=3.8`.
Running: sh /home/yashk/LeakyHammer_UserSys/gem5/run_scripts/t25000_100b_p0xFF_r1375d_prac.sh
Running: sh /home/yashk/LeakyHammer_UserSys/gem5/run_scripts/t25000_100b_p0x00_r1375d_prac.sh
Running: sh /home/yashk/LeakyHammer_UserSys/gem5/run_scripts/t25000_100b_p0x00_r1475d_prac.sh
Running: sh /home/yashk/LeakyHammer_UserSys/gem5/run_scripts/t25000_100b_p0xFF_r1475d_prac.sh
Running: sh /home/yashk/LeakyHammer_UserSys/gem5/run_scripts/t25000_100b_p0x00_r1575d_prac.sh
Running: sh /home/yashk/LeakyHammer_UserSys/gem5/run_scripts/t25000_100b_p0xFF_r1575d_prac.sh
Running: sh /home/yashk/LeakyHammer_UserSys/gem5/run_scripts/t25000_100b_p0x00_r1675d_prac.sh
Running: sh /home/yashk/LeakyHammer_UserSys/gem5/run_scripts/t25000_100b_p0xFF_r1675d_prac.sh
Running: sh /home/yashk/LeakyHammer_UserSys/gem5/run_scripts/t25000_100b_p0x00_r1775d_prac.sh
Running: sh /home/yashk/LeakyHammer_UserSys/gem5/run_scripts/t25000_100b_p0xFF_r1775d_prac.sh
Running: sh /home/yashk/LeakyHammer_UserSys/gem5/run_scripts/t25000_100b_p0x00_r1875d_prac.sh
Running: sh /home/yashk/LeakyHammer_UserSys/gem5/run_scripts/t25000_100b_p0xFF_r1875d_prac.sh
Running: sh /home/yashk/LeakyHammer_UserSys/gem5/run_scripts/t25000_100b_p0x00_r1975d_prac.sh
Running: sh /home/yashk/LeakyHammer_UserSys/gem5/run_scripts/t25000_100b_p0xFF_r1975d_prac.sh
Running: sh /home/yashk/LeakyHammer_UserSys/gem5/run_scripts/t20000_100b_p0x00_r175d_rfm.sh
Running: sh /home/yashk/LeakyHammer_UserSys/gem5/run_scripts/t20000_100b_p0xFF_r175d_rfm.sh
Running: sh /home/yashk/LeakyHammer_UserSys/gem5/run_scripts/t20000_100b_p0x00_r200d_rfm.sh
Running: sh /home/yashk/LeakyHammer_UserSys/gem5/run_scripts/t20000_100b_p0xFF_r200d_rfm.sh
Running: sh /home/yashk/LeakyHammer_UserSys/gem5/run_scripts/t20000_100b_p0x00_r225d_rfm.sh
Running: sh /home/yashk/LeakyHammer_UserSys/gem5/run_scripts/t20000_100b_p0xFF_r225d_rfm.sh
Running: sh /home/yashk/LeakyHammer_UserSys/gem5/run_scripts/t20000_100b_p0x00_r250d_rfm.sh
Running: sh /home/yashk/LeakyHammer_UserSys/gem5/run_scripts/t20000_100b_p0xFF_r250d_rfm.sh
Running: sh /home/yashk/LeakyHammer_UserSys/gem5/run_scripts/t20000_100b_p0x00_r275d_rfm.sh
Running: sh /home/yashk/LeakyHammer_UserSys/gem5/run_scripts/t20000_100b_p0xFF_r275d_rfm.sh
Running: sh /home/yashk/LeakyHammer_UserSys/gem5/run_scripts/t20000_100b_p0x00_r300d_rfm.sh
Running: sh /home/yashk/LeakyHammer_UserSys/gem5/run_scripts/t20000_100b_p0xFF_r300d_rfm.sh
Running: sh /home/yashk/LeakyHammer_UserSys/gem5/run_scripts/t20000_100b_p0x00_r325d_rfm.sh
Running: sh /home/yashk/LeakyHammer_UserSys/gem5/run_scripts/t20000_100b_p0xFF_r325d_rfm.sh
Running: sh /home/yashk/LeakyHammer_UserSys/gem5/run_scripts/t20000_100b_p0x00_r350d_rfm.sh
Running: sh /home/yashk/LeakyHammer_UserSys/gem5/run_scripts/t20000_100b_p0xFF_r350d_rfm.sh
Running: sh /home/yashk/LeakyHammer_UserSys/gem5/run_scripts/t20000_100b_p0x00_r375d_rfm.sh
Running: sh /home/yashk/LeakyHammer_UserSys/gem5/run_scripts/t20000_100b_p0xFF_r375d_rfm.sh
Experiments completed successfully. Now you can plot the figures.
